ModelWeb Browser Results

msis model listing
Required input parameters
Year= 2015, Month=  2, Day=  1, Hour=10.00,
Time_type = Universal
Coordinate_type = Geographic
Latitude=   65.80, Longitude=  207.70, Height=  1000.00
Prof. parameters: Start=     0.00 Stop=   400.00 Step=     2.00

Optional input parameters:

Sunspot number(Rz12) =143.7
Ionospheric index(IG12) =137.6
Upper limit for Electron content = 20.
F peak model =  
Ne Topside =  
foF2 Storm model =  
Bottomside Thickness =  
F1 occurrence probability =  
D-Region Ne =  
Topside Te =  
Ion Composition =  

Selected output parameters:
1  DOY
2  Hour of day
3  Height, km
4  O, cm-3 
5  N2, cm-3
6  O2, cm-3
7  Mass_density, g/cm-3
8  Temperature_neutral, K
9  He, cm-3 
10  Ar, cm-3
11  H, cm-3
12  N, cm-3
13  F10_7_daily
14  F10_7_3_month_avg
15  ap_daily

1         2         3         4         5         6         7         8         9         10         11         12         13         14         15         
  32 10.00    0.0  0.000E+00  2.261E+19  6.067E+18 1.391E-03  253.6  1.518E+14  2.705E+17  0.000E+00  0.000E+00  143.7  137.6   20.0 
  32 10.00    2.0  0.000E+00  1.769E+19  4.745E+18 1.088E-03  246.8  1.187E+14  2.116E+17  0.000E+00  0.000E+00  143.7  137.6   20.0 
  32 10.00    4.0  0.000E+00  1.390E+19  3.729E+18 8.552E-04  236.8  9.328E+13  1.663E+17  0.000E+00  0.000E+00  143.7  137.6   20.0 
  32 10.00    6.0  0.000E+00  1.081E+19  2.900E+18 6.650E-04  226.7  7.253E+13  1.293E+17  0.000E+00  0.000E+00  143.7  137.6   20.0 
  32 10.00    8.0  0.000E+00  8.232E+18  2.209E+18 5.065E-04  219.1  5.525E+13  9.847E+16  0.000E+00  0.000E+00  143.7  137.6   20.0 
  32 10.00   10.0  0.000E+00  6.107E+18  1.638E+18 3.758E-04  215.6  4.099E+13  7.305E+16  0.000E+00  0.000E+00  143.7  137.6   20.0 
  32 10.00   12.0  0.000E+00  4.422E+18  1.186E+18 2.720E-04  217.2  2.967E+13  5.289E+16  0.000E+00  0.000E+00  143.7  137.6   20.0 
  32 10.00   14.0  0.000E+00  3.181E+18  8.534E+17 1.957E-04  221.2  2.135E+13  3.805E+16  0.000E+00  0.000E+00  143.7  137.6   20.0 
  32 10.00   16.0  0.000E+00  2.314E+18  6.208E+17 1.424E-04  224.1  1.553E+13  2.768E+16  0.000E+00  0.000E+00  143.7  137.6   20.0 
  32 10.00   18.0  0.000E+00  1.706E+18  4.576E+17 1.050E-04  224.4  1.145E+13  2.040E+16  0.000E+00  0.000E+00  143.7  137.6   20.0 
  32 10.00   20.0  0.000E+00  1.263E+18  3.387E+17 7.768E-05  223.9  8.473E+12  1.510E+16  0.000E+00  0.000E+00  143.7  137.6   20.0 
  32 10.00   22.0  0.000E+00  9.325E+17  2.501E+17 5.737E-05  223.7  6.257E+12  1.115E+16  0.000E+00  0.000E+00  143.7  137.6   20.0 
  32 10.00   24.0  0.000E+00  6.873E+17  1.844E+17 4.229E-05  224.1  4.612E+12  8.221E+15  0.000E+00  0.000E+00  143.7  137.6   20.0 
  32 10.00   26.0  0.000E+00  5.064E+17  1.359E+17 3.116E-05  224.8  3.398E+12  6.057E+15  0.000E+00  0.000E+00  143.7  137.6   20.0 
  32 10.00   28.0  0.000E+00  3.734E+17  1.002E+17 2.297E-05  225.6  2.506E+12  4.466E+15  0.000E+00  0.000E+00  143.7  137.6   20.0 
  32 10.00   30.0  0.000E+00  2.757E+17  7.398E+16 1.697E-05  226.3  1.850E+12  3.298E+15  0.000E+00  0.000E+00  143.7  137.6   20.0 
  32 10.00   32.0  0.000E+00  2.041E+17  5.476E+16 1.256E-05  226.7  1.370E+12  2.442E+15  0.000E+00  0.000E+00  143.7  137.6   20.0 
  32 10.00   34.0  0.000E+00  1.511E+17  4.054E+16 9.299E-06  227.1  1.014E+12  1.808E+15  0.000E+00  0.000E+00  143.7  137.6   20.0 
  32 10.00   36.0  0.000E+00  1.115E+17  2.991E+16 6.858E-06  228.8  7.481E+11  1.333E+15  0.000E+00  0.000E+00  143.7  137.6   20.0 
  32 10.00   38.0  0.000E+00  8.214E+16  2.204E+16 5.054E-06  231.4  5.512E+11  9.825E+14  0.000E+00  0.000E+00  143.7  137.6   20.0 
  32 10.00   40.0  0.000E+00  6.063E+16  1.627E+16 3.730E-06  234.6  4.069E+11  7.252E+14  0.000E+00  0.000E+00  143.7  137.6   20.0 
  32 10.00   42.0  0.000E+00  4.492E+16  1.205E+16 2.764E-06  237.9  3.015E+11  5.374E+14  0.000E+00  0.000E+00  143.7  137.6   20.0 
  32 10.00   44.0  0.000E+00  3.347E+16  8.980E+15 2.059E-06  240.8  2.246E+11  4.004E+14  0.000E+00  0.000E+00  143.7  137.6   20.0 
  32 10.00   46.0  0.000E+00  2.511E+16  6.736E+15 1.545E-06  242.9  1.685E+11  3.003E+14  0.000E+00  0.000E+00  143.7  137.6   20.0 
  32 10.00   48.0  0.000E+00  1.895E+16  5.085E+15 1.166E-06  244.0  1.272E+11  2.267E+14  0.000E+00  0.000E+00  143.7  137.6   20.0 
  32 10.00   50.0  0.000E+00  1.437E+16  3.856E+15 8.842E-07  244.2  9.645E+10  1.719E+14  0.000E+00  0.000E+00  143.7  137.6   20.0 
  32 10.00   52.0  0.000E+00  1.093E+16  2.932E+15 6.725E-07  243.6  7.335E+10  1.307E+14  0.000E+00  0.000E+00  143.7  137.6   20.0 
  32 10.00   54.0  0.000E+00  8.325E+15  2.233E+15 5.122E-07  242.6  5.586E+10  9.958E+13  0.000E+00  0.000E+00  143.7  137.6   20.0 
  32 10.00   56.0  0.000E+00  6.342E+15  1.701E+15 3.902E-07  241.1  4.256E+10  7.586E+13  0.000E+00  0.000E+00  143.7  137.6   20.0 
  32 10.00   58.0  0.000E+00  4.828E+15  1.295E+15 2.970E-07  239.5  3.240E+10  5.775E+13  0.000E+00  0.000E+00  143.7  137.6   20.0 
  32 10.00   60.0  0.000E+00  3.671E+15  9.847E+14 2.258E-07  237.7  2.463E+10  4.391E+13  0.000E+00  0.000E+00  143.7  137.6   20.0 
  32 10.00   62.0  0.000E+00  2.786E+15  7.474E+14 1.714E-07  235.8  1.870E+10  3.332E+13  0.000E+00  0.000E+00  143.7  137.6   20.0 
  32 10.00   64.0  0.000E+00  2.110E+15  5.659E+14 1.298E-07  234.1  1.419E+10  2.522E+13  0.000E+00  0.000E+00  143.7  137.6   20.0 
  32 10.00   66.0  0.000E+00  1.594E+15  4.275E+14 9.807E-08  232.4  1.075E+10  1.904E+13  0.000E+00  0.000E+00  143.7  137.6   20.0 
  32 10.00   68.0  0.000E+00  1.202E+15  3.220E+14 7.390E-08  230.9  8.123E+09  1.434E+13  0.000E+00  0.000E+00  143.7  137.6   20.0 
  32 10.00   70.0  0.000E+00  9.031E+14  2.420E+14 5.555E-08  229.7  6.122E+09  1.077E+13  0.000E+00  0.000E+00  143.7  137.6   20.0 
  32 10.00   72.0  0.000E+00  6.771E+14  1.814E+14 4.164E-08  228.8  4.602E+09  8.066E+12  0.000E+00  0.000E+00  143.7  137.6   20.0 
  32 10.00   74.0  4.474E+07  5.077E+14  1.359E+14 3.122E-08  227.9  3.464E+09  6.042E+12  8.864E+03  2.861E+04  143.7  137.6   20.0 
  32 10.00   76.0  2.068E+08  3.814E+14  1.020E+14 2.345E-08  226.1  2.615E+09  4.533E+12  2.415E+05  3.403E+04  143.7  137.6   20.0 
  32 10.00   78.0  8.662E+08  2.867E+14  7.665E+13 1.762E-08  223.4  1.980E+09  3.402E+12  5.942E+06  4.063E+04  143.7  137.6   20.0 
  32 10.00   80.0  3.174E+09  2.154E+14  5.752E+13 1.324E-08  220.2  1.501E+09  2.550E+12  4.306E+07  4.860E+04  143.7  137.6   20.0 
  32 10.00   82.0  9.936E+09  1.614E+14  4.304E+13 9.915E-09  216.5  1.139E+09  1.906E+12  9.801E+07  5.810E+04  143.7  137.6   20.0 
  32 10.00   84.0  2.627E+10  1.205E+14  3.208E+13 7.400E-09  212.5  8.645E+08  1.418E+12  1.168E+08  6.928E+04  143.7  137.6   20.0 
  32 10.00   86.0  5.858E+10  8.955E+13  2.378E+13 5.496E-09  208.5  6.567E+08  1.048E+12  1.044E+08  8.225E+04  143.7  137.6   20.0 
  32 10.00   88.0  1.110E+11  6.616E+13  1.751E+13 4.060E-09  204.4  4.997E+08  7.693E+11  8.350E+07  9.714E+04  143.7  137.6   20.0 
  32 10.00   90.0  1.808E+11  4.858E+13  1.280E+13 2.980E-09  200.5  3.815E+08  5.597E+11  6.433E+07  1.140E+05  143.7  137.6   20.0 
  32 10.00   92.0  2.574E+11  3.542E+13  9.277E+12 2.173E-09  196.8  2.930E+08  4.030E+11  4.928E+07  1.330E+05  143.7  137.6   20.0 
  32 10.00   94.0  3.256E+11  2.561E+13  6.656E+12 1.572E-09  193.8  2.268E+08  2.866E+11  3.804E+07  1.539E+05  143.7  137.6   20.0 
  32 10.00   96.0  3.724E+11  1.835E+13  4.721E+12 1.127E-09  191.7  1.775E+08  2.008E+11  2.978E+07  1.769E+05  143.7  137.6   20.0 
  32 10.00   98.0  3.915E+11  1.304E+13  3.309E+12 8.014E-10  190.9  1.409E+08  1.384E+11  2.369E+07  2.020E+05  143.7  137.6   20.0 
  32 10.00  100.0  3.846E+11  9.187E+12  2.292E+12 5.652E-10  191.8  1.138E+08  9.389E+10  1.915E+07  2.297E+05  143.7  137.6   20.0 
  32 10.00  102.0  3.582E+11  6.431E+12  1.571E+12 3.961E-10  194.7  9.374E+07  6.267E+10  1.571E+07  2.605E+05  143.7  137.6   20.0 
  32 10.00  104.0  3.206E+11  4.487E+12  1.069E+12 2.766E-10  199.9  7.876E+07  4.130E+10  1.303E+07  2.955E+05  143.7  137.6   20.0 
  32 10.00  106.0  2.786E+11  3.130E+12  7.240E+11 1.932E-10  207.7  6.743E+07  2.698E+10  1.089E+07  3.355E+05  143.7  137.6   20.0 
  32 10.00  108.0  2.371E+11  2.189E+12  4.898E+11 1.352E-10  218.4  5.866E+07  1.754E+10  9.148E+06  3.813E+05  143.7  137.6   20.0 
  32 10.00  110.0  1.984E+11  1.537E+12  3.317E+11 9.506E-11  233.0  5.166E+07  1.140E+10  7.683E+06  4.328E+05  143.7  137.6   20.0 
  32 10.00  112.0  1.638E+11  1.085E+12  2.256E+11 6.724E-11  252.3  4.589E+07  7.435E+09  6.434E+06  4.896E+05  143.7  137.6   20.0 
  32 10.00  114.0  1.342E+11  7.729E+11  1.548E+11 4.804E-11  277.0  4.108E+07  4.903E+09  5.369E+06  5.519E+05  143.7  137.6   20.0 
  32 10.00  116.0  1.096E+11  5.582E+11  1.078E+11 3.480E-11  307.2  3.708E+07  3.288E+09  4.469E+06  6.208E+05  143.7  137.6   20.0 
  32 10.00  118.0  8.973E+10  4.105E+11  7.655E+10 2.568E-11  342.3  3.384E+07  2.255E+09  3.718E+06  6.989E+05  143.7  137.6   20.0 
  32 10.00  120.0  7.425E+10  3.092E+11  5.580E+10 1.941E-11  380.2  3.134E+07  1.593E+09  3.106E+06  7.916E+05  143.7  137.6   20.0 
  32 10.00  122.0  6.273E+10  2.405E+11  4.211E+10 1.516E-11  415.9  2.967E+07  1.167E+09  2.622E+06  9.100E+05  143.7  137.6   20.0 
  32 10.00  124.0  5.453E+10  1.941E+11  3.306E+10 1.229E-11  443.7  2.883E+07  8.899E+08  2.251E+06  1.069E+06  143.7  137.6   20.0 
  32 10.00  126.0  4.792E+10  1.595E+11  2.646E+10 1.014E-11  469.4  2.840E+07  6.925E+08  1.945E+06  1.258E+06  143.7  137.6   20.0 
  32 10.00  128.0  4.243E+10  1.327E+11  2.150E+10 8.474E-12  493.8  2.820E+07  5.470E+08  1.688E+06  1.480E+06  143.7  137.6   20.0 
  32 10.00  130.0  3.782E+10  1.117E+11  1.770E+10 7.165E-12  517.1  2.810E+07  4.378E+08  1.472E+06  1.735E+06  143.7  137.6   20.0 
  32 10.00  132.0  3.391E+10  9.491E+10  1.473E+10 6.118E-12  539.2  2.798E+07  3.544E+08  1.290E+06  2.026E+06  143.7  137.6   20.0 
  32 10.00  134.0  3.056E+10  8.133E+10  1.239E+10 5.269E-12  560.3  2.775E+07  2.898E+08  1.135E+06  2.354E+06  143.7  137.6   20.0 
  32 10.00  136.0  2.767E+10  7.022E+10  1.051E+10 4.573E-12  580.4  2.740E+07  2.391E+08  1.003E+06  2.720E+06  143.7  137.6   20.0 
  32 10.00  138.0  2.517E+10  6.103E+10  8.979E+09 3.996E-12  599.5  2.694E+07  1.988E+08  8.899E+05  3.125E+06  143.7  137.6   20.0 
  32 10.00  140.0  2.298E+10  5.336E+10  7.725E+09 3.512E-12  617.6  2.640E+07  1.665E+08  7.933E+05  3.566E+06  143.7  137.6   20.0 
  32 10.00  142.0  2.105E+10  4.690E+10  6.687E+09 3.104E-12  634.9  2.581E+07  1.403E+08  7.103E+05  4.044E+06  143.7  137.6   20.0 
  32 10.00  144.0  1.936E+10  4.142E+10  5.820E+09 2.757E-12  651.4  2.520E+07  1.189E+08  6.388E+05  4.554E+06  143.7  137.6   20.0 
  32 10.00  146.0  1.785E+10  3.673E+10  5.090E+09 2.459E-12  667.1  2.459E+07  1.013E+08  5.771E+05  5.094E+06  143.7  137.6   20.0 
  32 10.00  148.0  1.651E+10  3.271E+10  4.471E+09 2.202E-12  682.0  2.399E+07  8.673E+07  5.236E+05  5.659E+06  143.7  137.6   20.0 
  32 10.00  150.0  1.530E+10  2.923E+10  3.943E+09 1.980E-12  696.2  2.342E+07  7.457E+07  4.773E+05  6.245E+06  143.7  137.6   20.0 
  32 10.00  152.0  1.422E+10  2.620E+10  3.490E+09 1.786E-12  709.8  2.287E+07  6.437E+07  4.369E+05  6.844E+06  143.7  137.6   20.0 
  32 10.00  154.0  1.325E+10  2.356E+10  3.099E+09 1.616E-12  722.6  2.235E+07  5.577E+07  4.017E+05  7.452E+06  143.7  137.6   20.0 
  32 10.00  156.0  1.236E+10  2.125E+10  2.760E+09 1.466E-12  734.9  2.185E+07  4.848E+07  3.709E+05  8.061E+06  143.7  137.6   20.0 
  32 10.00  158.0  1.156E+10  1.920E+10  2.465E+09 1.334E-12  746.6  2.138E+07  4.227E+07  3.439E+05  8.666E+06  143.7  137.6   20.0 
  32 10.00  160.0  1.083E+10  1.740E+10  2.208E+09 1.217E-12  757.7  2.094E+07  3.696E+07  3.201E+05  9.259E+06  143.7  137.6   20.0 
  32 10.00  162.0  1.016E+10  1.578E+10  1.981E+09 1.111E-12  768.3  2.052E+07  3.241E+07  2.992E+05  9.835E+06  143.7  137.6   20.0 
  32 10.00  164.0  9.550E+09  1.436E+10  1.782E+09 1.018E-12  778.4  2.012E+07  2.849E+07  2.807E+05  1.039E+07  143.7  137.6   20.0 
  32 10.00  166.0  8.988E+09  1.309E+10  1.606E+09 9.345E-13  788.0  1.974E+07  2.510E+07  2.643E+05  1.091E+07  143.7  137.6   20.0 
  32 10.00  168.0  8.470E+09  1.195E+10  1.450E+09 8.594E-13  797.1  1.938E+07  2.216E+07  2.498E+05  1.140E+07  143.7  137.6   20.0 
  32 10.00  170.0  7.992E+09  1.093E+10  1.312E+09 7.918E-13  805.8  1.904E+07  1.960E+07  2.368E+05  1.185E+07  143.7  137.6   20.0 
  32 10.00  172.0  7.549E+09  1.001E+10  1.189E+09 7.307E-13  814.1  1.871E+07  1.737E+07  2.253E+05  1.226E+07  143.7  137.6   20.0 
  32 10.00  174.0  7.140E+09  9.187E+09  1.078E+09 6.754E-13  822.0  1.840E+07  1.542E+07  2.150E+05  1.262E+07  143.7  137.6   20.0 
  32 10.00  176.0  6.759E+09  8.438E+09  9.800E+08 6.251E-13  829.6  1.809E+07  1.371E+07  2.057E+05  1.294E+07  143.7  137.6   20.0 
  32 10.00  178.0  6.405E+09  7.760E+09  8.916E+08 5.794E-13  836.7  1.781E+07  1.221E+07  1.974E+05  1.322E+07  143.7  137.6   20.0 
  32 10.00  180.0  6.075E+09  7.144E+09  8.123E+08 5.377E-13  843.6  1.753E+07  1.089E+07  1.899E+05  1.344E+07  143.7  137.6   20.0 
  32 10.00  182.0  5.767E+09  6.585E+09  7.408E+08 4.997E-13  850.1  1.726E+07  9.727E+06  1.832E+05  1.362E+07  143.7  137.6   20.0 
  32 10.00  184.0  5.479E+09  6.075E+09  6.764E+08 4.648E-13  856.2  1.701E+07  8.698E+06  1.771E+05  1.375E+07  143.7  137.6   20.0 
  32 10.00  186.0  5.209E+09  5.611E+09  6.183E+08 4.329E-13  862.1  1.676E+07  7.787E+06  1.715E+05  1.384E+07  143.7  137.6   20.0 
  32 10.00  188.0  4.956E+09  5.186E+09  5.656E+08 4.036E-13  867.8  1.652E+07  6.979E+06  1.665E+05  1.388E+07  143.7  137.6   20.0 
  32 10.00  190.0  4.719E+09  4.798E+09  5.180E+08 3.767E-13  873.1  1.629E+07  6.262E+06  1.620E+05  1.388E+07  143.7  137.6   20.0 
  32 10.00  192.0  4.496E+09  4.442E+09  4.747E+08 3.519E-13  878.2  1.607E+07  5.623E+06  1.579E+05  1.385E+07  143.7  137.6   20.0 
  32 10.00  194.0  4.286E+09  4.116E+09  4.354E+08 3.290E-13  883.1  1.586E+07  5.055E+06  1.541E+05  1.378E+07  143.7  137.6   20.0 
  32 10.00  196.0  4.089E+09  3.816E+09  3.997E+08 3.079E-13  887.7  1.565E+07  4.548E+06  1.506E+05  1.367E+07  143.7  137.6   20.0 
  32 10.00  198.0  3.902E+09  3.541E+09  3.672E+08 2.884E-13  892.1  1.544E+07  4.096E+06  1.475E+05  1.354E+07  143.7  137.6   20.0 
  32 10.00  200.0  3.726E+09  3.287E+09  3.375E+08 2.703E-13  896.3  1.525E+07  3.691E+06  1.446E+05  1.337E+07  143.7  137.6   20.0 
  32 10.00  202.0  3.560E+09  3.054E+09  3.106E+08 2.536E-13  900.3  1.505E+07  3.329E+06  1.419E+05  1.319E+07  143.7  137.6   20.0 
  32 10.00  204.0  3.403E+09  2.838E+09  2.859E+08 2.381E-13  904.1  1.486E+07  3.004E+06  1.395E+05  1.298E+07  143.7  137.6   20.0 
  32 10.00  206.0  3.254E+09  2.640E+09  2.633E+08 2.237E-13  907.8  1.468E+07  2.713E+06  1.372E+05  1.275E+07  143.7  137.6   20.0 
  32 10.00  208.0  3.113E+09  2.456E+09  2.426E+08 2.103E-13  911.2  1.450E+07  2.452E+06  1.352E+05  1.251E+07  143.7  137.6   20.0 
  32 10.00  210.0  2.979E+09  2.287E+09  2.237E+08 1.978E-13  914.5  1.433E+07  2.217E+06  1.332E+05  1.225E+07  143.7  137.6   20.0 
  32 10.00  212.0  2.852E+09  2.130E+09  2.063E+08 1.862E-13  917.7  1.417E+07  2.006E+06  1.315E+05  1.198E+07  143.7  137.6   20.0 
  32 10.00  214.0  2.732E+09  1.984E+09  1.904E+08 1.754E-13  920.7  1.400E+07  1.816E+06  1.298E+05  1.170E+07  143.7  137.6   20.0 
  32 10.00  216.0  2.617E+09  1.850E+09  1.758E+08 1.653E-13  923.5  1.384E+07  1.645E+06  1.283E+05  1.142E+07  143.7  137.6   20.0 
  32 10.00  218.0  2.508E+09  1.725E+09  1.624E+08 1.559E-13  926.2  1.369E+07  1.491E+06  1.269E+05  1.113E+07  143.7  137.6   20.0 
  32 10.00  220.0  2.405E+09  1.609E+09  1.500E+08 1.471E-13  928.8  1.354E+07  1.352E+06  1.256E+05  1.083E+07  143.7  137.6   20.0 
  32 10.00  222.0  2.306E+09  1.502E+09  1.387E+08 1.388E-13  931.3  1.339E+07  1.226E+06  1.243E+05  1.054E+07  143.7  137.6   20.0 
  32 10.00  224.0  2.212E+09  1.402E+09  1.283E+08 1.311E-13  933.7  1.324E+07  1.113E+06  1.232E+05  1.024E+07  143.7  137.6   20.0 
  32 10.00  226.0  2.123E+09  1.309E+09  1.187E+08 1.239E-13  935.9  1.310E+07  1.010E+06  1.221E+05  9.944E+06  143.7  137.6   20.0 
  32 10.00  228.0  2.038E+09  1.223E+09  1.098E+08 1.172E-13  938.1  1.296E+07  9.173E+05  1.211E+05  9.649E+06  143.7  137.6   20.0 
  32 10.00  230.0  1.956E+09  1.143E+09  1.016E+08 1.108E-13  940.1  1.282E+07  8.334E+05  1.201E+05  9.357E+06  143.7  137.6   20.0 
  32 10.00  232.0  1.878E+09  1.068E+09  9.412E+07 1.049E-13  942.0  1.268E+07  7.574E+05  1.192E+05  9.068E+06  143.7  137.6   20.0 
  32 10.00  234.0  1.804E+09  9.987E+08  8.718E+07 9.930E-14  943.9  1.255E+07  6.886E+05  1.184E+05  8.784E+06  143.7  137.6   20.0 
  32 10.00  236.0  1.733E+09  9.339E+08  8.078E+07 9.406E-14  945.7  1.242E+07  6.263E+05  1.176E+05  8.504E+06  143.7  137.6   20.0 
  32 10.00  238.0  1.666E+09  8.736E+08  7.486E+07 8.913E-14  947.3  1.229E+07  5.698E+05  1.168E+05  8.230E+06  143.7  137.6   20.0 
  32 10.00  240.0  1.601E+09  8.174E+08  6.940E+07 8.450E-14  949.0  1.217E+07  5.185E+05  1.161E+05  7.961E+06  143.7  137.6   20.0 
  32 10.00  242.0  1.539E+09  7.650E+08  6.435E+07 8.014E-14  950.5  1.204E+07  4.721E+05  1.155E+05  7.698E+06  143.7  137.6   20.0 
  32 10.00  244.0  1.480E+09  7.161E+08  5.968E+07 7.603E-14  951.9  1.192E+07  4.299E+05  1.148E+05  7.442E+06  143.7  137.6   20.0 
  32 10.00  246.0  1.423E+09  6.704E+08  5.536E+07 7.216E-14  953.3  1.180E+07  3.915E+05  1.142E+05  7.192E+06  143.7  137.6   20.0 
  32 10.00  248.0  1.369E+09  6.278E+08  5.137E+07 6.852E-14  954.7  1.168E+07  3.567E+05  1.136E+05  6.949E+06  143.7  137.6   20.0 
  32 10.00  250.0  1.316E+09  5.880E+08  4.768E+07 6.508E-14  955.9  1.157E+07  3.250E+05  1.131E+05  6.712E+06  143.7  137.6   20.0 
  32 10.00  252.0  1.267E+09  5.509E+08  4.426E+07 6.184E-14  957.1  1.146E+07  2.962E+05  1.125E+05  6.483E+06  143.7  137.6   20.0 
  32 10.00  254.0  1.219E+09  5.161E+08  4.109E+07 5.878E-14  958.3  1.134E+07  2.701E+05  1.120E+05  6.260E+06  143.7  137.6   20.0 
  32 10.00  256.0  1.173E+09  4.837E+08  3.816E+07 5.589E-14  959.4  1.123E+07  2.463E+05  1.115E+05  6.044E+06  143.7  137.6   20.0 
  32 10.00  258.0  1.129E+09  4.533E+08  3.544E+07 5.317E-14  960.4  1.112E+07  2.246E+05  1.111E+05  5.835E+06  143.7  137.6   20.0 
  32 10.00  260.0  1.087E+09  4.250E+08  3.292E+07 5.059E-14  961.4  1.102E+07  2.049E+05  1.106E+05  5.633E+06  143.7  137.6   20.0 
  32 10.00  262.0  1.047E+09  3.984E+08  3.059E+07 4.815E-14  962.4  1.091E+07  1.869E+05  1.102E+05  5.437E+06  143.7  137.6   20.0 
  32 10.00  264.0  1.008E+09  3.736E+08  2.842E+07 4.585E-14  963.3  1.081E+07  1.706E+05  1.098E+05  5.247E+06  143.7  137.6   20.0 
  32 10.00  266.0  9.705E+08  3.504E+08  2.642E+07 4.366E-14  964.1  1.070E+07  1.557E+05  1.094E+05  5.065E+06  143.7  137.6   20.0 
  32 10.00  268.0  9.347E+08  3.287E+08  2.456E+07 4.160E-14  965.0  1.060E+07  1.421E+05  1.090E+05  4.888E+06  143.7  137.6   20.0 
  32 10.00  270.0  9.004E+08  3.083E+08  2.283E+07 3.964E-14  965.8  1.050E+07  1.298E+05  1.086E+05  4.717E+06  143.7  137.6   20.0 
  32 10.00  272.0  8.674E+08  2.893E+08  2.123E+07 3.779E-14  966.5  1.040E+07  1.185E+05  1.082E+05  4.553E+06  143.7  137.6   20.0 
  32 10.00  274.0  8.357E+08  2.714E+08  1.974E+07 3.604E-14  967.2  1.030E+07  1.083E+05  1.078E+05  4.394E+06  143.7  137.6   20.0 
  32 10.00  276.0  8.052E+08  2.547E+08  1.836E+07 3.437E-14  967.9  1.021E+07  9.889E+04  1.075E+05  4.241E+06  143.7  137.6   20.0 
  32 10.00  278.0  7.760E+08  2.390E+08  1.708E+07 3.280E-14  968.6  1.011E+07  9.035E+04  1.071E+05  4.093E+06  143.7  137.6   20.0 
  32 10.00  280.0  7.478E+08  2.244E+08  1.588E+07 3.130E-14  969.2  1.002E+07  8.256E+04  1.068E+05  3.951E+06  143.7  137.6   20.0 
  32 10.00  282.0  7.208E+08  2.106E+08  1.478E+07 2.988E-14  969.8  9.926E+06  7.545E+04  1.065E+05  3.814E+06  143.7  137.6   20.0 
  32 10.00  284.0  6.948E+08  1.977E+08  1.375E+07 2.853E-14  970.3  9.834E+06  6.896E+04  1.062E+05  3.681E+06  143.7  137.6   20.0 
  32 10.00  286.0  6.698E+08  1.857E+08  1.280E+07 2.725E-14  970.9  9.743E+06  6.304E+04  1.059E+05  3.554E+06  143.7  137.6   20.0 
  32 10.00  288.0  6.457E+08  1.744E+08  1.191E+07 2.603E-14  971.4  9.654E+06  5.763E+04  1.055E+05  3.431E+06  143.7  137.6   20.0 
  32 10.00  290.0  6.226E+08  1.637E+08  1.109E+07 2.488E-14  971.9  9.565E+06  5.270E+04  1.052E+05  3.313E+06  143.7  137.6   20.0 
  32 10.00  292.0  6.003E+08  1.538E+08  1.032E+07 2.378E-14  972.3  9.478E+06  4.819E+04  1.049E+05  3.199E+06  143.7  137.6   20.0 
  32 10.00  294.0  5.788E+08  1.444E+08  9.607E+06 2.274E-14  972.8  9.391E+06  4.407E+04  1.047E+05  3.089E+06  143.7  137.6   20.0 
  32 10.00  296.0  5.582E+08  1.357E+08  8.945E+06 2.174E-14  973.2  9.306E+06  4.031E+04  1.044E+05  2.983E+06  143.7  137.6   20.0 
  32 10.00  298.0  5.384E+08  1.275E+08  8.329E+06 2.080E-14  973.6  9.222E+06  3.688E+04  1.041E+05  2.881E+06  143.7  137.6   20.0 
  32 10.00  300.0  5.187E+08  1.198E+08  7.756E+06 1.988E-14  974.0  9.138E+06  3.374E+04  1.038E+05  2.780E+06  143.7  137.6   20.0 
  32 10.00  302.0  5.004E+08  1.125E+08  7.224E+06 1.903E-14  974.4  9.056E+06  3.087E+04  1.035E+05  2.686E+06  143.7  137.6   20.0 
  32 10.00  304.0  4.827E+08  1.057E+08  6.728E+06 1.821E-14  974.7  8.974E+06  2.825E+04  1.033E+05  2.595E+06  143.7  137.6   20.0 
  32 10.00  306.0  4.657E+08  9.936E+07  6.267E+06 1.744E-14  975.1  8.893E+06  2.585E+04  1.030E+05  2.507E+06  143.7  137.6   20.0 
  32 10.00  308.0  4.492E+08  9.338E+07  5.838E+06 1.670E-14  975.4  8.813E+06  2.366E+04  1.027E+05  2.422E+06  143.7  137.6   20.0 
  32 10.00  310.0  4.334E+08  8.777E+07  5.439E+06 1.599E-14  975.7  8.734E+06  2.166E+04  1.025E+05  2.341E+06  143.7  137.6   20.0 
  32 10.00  312.0  4.182E+08  8.250E+07  5.068E+06 1.532E-14  976.0  8.656E+06  1.983E+04  1.022E+05  2.262E+06  143.7  137.6   20.0 
  32 10.00  314.0  4.035E+08  7.755E+07  4.722E+06 1.468E-14  976.3  8.579E+06  1.815E+04  1.020E+05  2.187E+06  143.7  137.6   20.0 
  32 10.00  316.0  3.894E+08  7.290E+07  4.400E+06 1.407E-14  976.5  8.502E+06  1.662E+04  1.017E+05  2.114E+06  143.7  137.6   20.0 
  32 10.00  318.0  3.758E+08  6.853E+07  4.100E+06 1.349E-14  976.8  8.427E+06  1.522E+04  1.015E+05  2.044E+06  143.7  137.6   20.0 
  32 10.00  320.0  3.627E+08  6.444E+07  3.821E+06 1.293E-14  977.0  8.352E+06  1.394E+04  1.012E+05  1.976E+06  143.7  137.6   20.0 
  32 10.00  322.0  3.500E+08  6.059E+07  3.562E+06 1.240E-14  977.3  8.278E+06  1.276E+04  1.009E+05  1.910E+06  143.7  137.6   20.0 
  32 10.00  324.0  3.378E+08  5.697E+07  3.320E+06 1.190E-14  977.5  8.205E+06  1.169E+04  1.007E+05  1.847E+06  143.7  137.6   20.0 
  32 10.00  326.0  3.261E+08  5.357E+07  3.095E+06 1.141E-14  977.7  8.132E+06  1.071E+04  1.004E+05  1.787E+06  143.7  137.6   20.0 
  32 10.00  328.0  3.147E+08  5.038E+07  2.885E+06 1.095E-14  977.9  8.060E+06  9.810E+03  1.002E+05  1.728E+06  143.7  137.6   20.0 
  32 10.00  330.0  3.038E+08  4.738E+07  2.690E+06 1.051E-14  978.1  7.989E+06  8.987E+03  9.996E+04  1.672E+06  143.7  137.6   20.0 
  32 10.00  332.0  2.933E+08  4.456E+07  2.508E+06 1.009E-14  978.3  7.919E+06  8.234E+03  9.973E+04  1.617E+06  143.7  137.6   20.0 
  32 10.00  334.0  2.831E+08  4.192E+07  2.338E+06 9.682E-15  978.5  7.849E+06  7.545E+03  9.950E+04  1.564E+06  143.7  137.6   20.0 
  32 10.00  336.0  2.733E+08  3.943E+07  2.180E+06 9.296E-15  978.6  7.780E+06  6.914E+03  9.927E+04  1.514E+06  143.7  137.6   20.0 
  32 10.00  338.0  2.639E+08  3.709E+07  2.033E+06 8.927E-15  978.8  7.712E+06  6.336E+03  9.905E+04  1.465E+06  143.7  137.6   20.0 
  32 10.00  340.0  2.548E+08  3.489E+07  1.896E+06 8.574E-15  978.9  7.644E+06  5.807E+03  9.882E+04  1.417E+06  143.7  137.6   20.0 
  32 10.00  342.0  2.460E+08  3.282E+07  1.768E+06 8.236E-15  979.1  7.577E+06  5.322E+03  9.860E+04  1.372E+06  143.7  137.6   20.0 
  32 10.00  344.0  2.375E+08  3.088E+07  1.649E+06 7.913E-15  979.2  7.511E+06  4.878E+03  9.838E+04  1.328E+06  143.7  137.6   20.0 
  32 10.00  346.0  2.294E+08  2.906E+07  1.538E+06 7.604E-15  979.3  7.446E+06  4.472E+03  9.815E+04  1.285E+06  143.7  137.6   20.0 
  32 10.00  348.0  2.215E+08  2.734E+07  1.435E+06 7.308E-15  979.5  7.381E+06  4.100E+03  9.793E+04  1.244E+06  143.7  137.6   20.0 
  32 10.00  350.0  2.139E+08  2.573E+07  1.339E+06 7.024E-15  979.6  7.316E+06  3.759E+03  9.772E+04  1.204E+06  143.7  137.6   20.0 
  32 10.00  352.0  2.065E+08  2.421E+07  1.249E+06 6.753E-15  979.7  7.253E+06  3.446E+03  9.750E+04  1.166E+06  143.7  137.6   20.0 
  32 10.00  354.0  1.995E+08  2.278E+07  1.165E+06 6.493E-15  979.8  7.190E+06  3.160E+03  9.728E+04  1.129E+06  143.7  137.6   20.0 
  32 10.00  356.0  1.926E+08  2.144E+07  1.087E+06 6.244E-15  979.9  7.127E+06  2.898E+03  9.706E+04  1.093E+06  143.7  137.6   20.0 
  32 10.00  358.0  1.860E+08  2.018E+07  1.014E+06 6.005E-15  980.0  7.066E+06  2.657E+03  9.685E+04  1.059E+06  143.7  137.6   20.0 
  32 10.00  360.0  1.797E+08  1.899E+07  9.464E+05 5.776E-15  980.1  7.004E+06  2.437E+03  9.663E+04  1.026E+06  143.7  137.6   20.0 
  32 10.00  362.0  1.736E+08  1.788E+07  8.832E+05 5.557E-15  980.2  6.944E+06  2.235E+03  9.642E+04  9.933E+05  143.7  137.6   20.0 
  32 10.00  364.0  1.676E+08  1.683E+07  8.242E+05 5.347E-15  980.3  6.884E+06  2.050E+03  9.621E+04  9.622E+05  143.7  137.6   20.0 
  32 10.00  366.0  1.619E+08  1.584E+07  7.691E+05 5.145E-15  980.4  6.824E+06  1.881E+03  9.599E+04  9.321E+05  143.7  137.6   20.0 
  32 10.00  368.0  1.564E+08  1.491E+07  7.178E+05 4.952E-15  980.5  6.765E+06  1.725E+03  9.578E+04  9.030E+05  143.7  137.6   20.0 
  32 10.00  370.0  1.511E+08  1.404E+07  6.700E+05 4.766E-15  980.5  6.707E+06  1.583E+03  9.557E+04  8.748E+05  143.7  137.6   20.0 
  32 10.00  372.0  1.460E+08  1.322E+07  6.254E+05 4.588E-15  980.6  6.649E+06  1.452E+03  9.536E+04  8.476E+05  143.7  137.6   20.0 
  32 10.00  374.0  1.410E+08  1.244E+07  5.837E+05 4.417E-15  980.7  6.592E+06  1.332E+03  9.515E+04  8.213E+05  143.7  137.6   20.0 
  32 10.00  376.0  1.362E+08  1.172E+07  5.449E+05 4.253E-15  980.8  6.535E+06  1.222E+03  9.494E+04  7.959E+05  143.7  137.6   20.0 
  32 10.00  378.0  1.316E+08  1.103E+07  5.087E+05 4.096E-15  980.8  6.479E+06  1.122E+03  9.474E+04  7.713E+05  143.7  137.6   20.0 
  32 10.00  380.0  1.271E+08  1.039E+07  4.749E+05 3.945E-15  980.9  6.424E+06  1.029E+03  9.453E+04  7.475E+05  143.7  137.6   20.0 
  32 10.00  382.0  1.228E+08  9.781E+06  4.434E+05 3.800E-15  980.9  6.368E+06  9.447E+02  9.433E+04  7.245E+05  143.7  137.6   20.0 
  32 10.00  384.0  1.187E+08  9.210E+06  4.139E+05 3.661E-15  981.0  6.314E+06  8.670E+02  9.412E+04  7.022E+05  143.7  137.6   20.0 
  32 10.00  386.0  1.147E+08  8.674E+06  3.865E+05 3.527E-15  981.0  6.260E+06  7.958E+02  9.392E+04  6.806E+05  143.7  137.6   20.0 
  32 10.00  388.0  1.108E+08  8.169E+06  3.609E+05 3.398E-15  981.1  6.206E+06  7.304E+02  9.371E+04  6.598E+05  143.7  137.6   20.0 
  32 10.00  390.0  1.071E+08  7.693E+06  3.370E+05 3.275E-15  981.1  6.153E+06  6.705E+02  9.351E+04  6.396E+05  143.7  137.6   20.0 
  32 10.00  392.0  1.034E+08  7.246E+06  3.147E+05 3.156E-15  981.2  6.101E+06  6.155E+02  9.331E+04  6.201E+05  143.7  137.6   20.0 
  32 10.00  394.0  9.995E+07  6.825E+06  2.939E+05 3.042E-15  981.2  6.048E+06  5.650E+02  9.310E+04  6.012E+05  143.7  137.6   20.0 
  32 10.00  396.0  9.659E+07  6.429E+06  2.745E+05 2.932E-15  981.3  5.997E+06  5.188E+02  9.290E+04  5.829E+05  143.7  137.6   20.0 
  32 10.00  398.0  9.334E+07  6.056E+06  2.563E+05 2.827E-15  981.3  5.946E+06  4.763E+02  9.270E+04  5.652E+05  143.7  137.6   20.0 
  32 10.00  400.0  9.020E+07  5.704E+06  2.394E+05 2.726E-15  981.4  5.895E+06  4.373E+02  9.250E+04  5.481E+05  143.7  137.6   20.0 
